[0.072s] Invoking command in '/home/nvidia/master_ws/build/lidar': CMAKE_PREFIX_PATH=${CMAKE_PREFIX_PATH}:/home/nvidia/master_ws/install/xbox:/home/nvidia/master_ws/install/lidar_control:/home/nvidia/master_ws/install/launch_car:/home/nvidia/master_ws/install/broadcaster:/home/nvidia/install/xbox:/opt/ros/foxy /usr/bin/cmake --build /home/nvidia/master_ws/build/lidar -- -j4 -l4
[0.244s] -- Found ament_cmake: 0.9.12 (/opt/ros/foxy/share/ament_cmake/cmake)
[0.371s] -- Using PYTHON_EXECUTABLE: /usr/bin/python3
[1.333s] -- Found rclcpp: 2.4.3 (/opt/ros/foxy/share/rclcpp/cmake)
[1.528s] -- Using all available rosidl_typesupport_c: rosidl_typesupport_fastrtps_c;rosidl_typesupport_introspection_c
[1.549s] -- Found rosidl_adapter: 1.3.1 (/opt/ros/foxy/share/rosidl_adapter/cmake)
[2.168s] -- Using all available rosidl_typesupport_cpp: rosidl_typesupport_fastrtps_cpp;rosidl_typesupport_introspection_cpp
[2.418s] -- Found rmw_implementation_cmake: 1.0.4 (/opt/ros/foxy/share/rmw_implementation_cmake/cmake)
[2.428s] -- Using RMW implementation 'rmw_fastrtps_cpp' as default
[3.023s] -- Found sensor_msgs: 2.0.5 (/opt/ros/foxy/share/sensor_msgs/cmake)
[3.459s] -- Found pcl_conversions: 2.2.1 (/opt/ros/foxy/share/pcl_conversions/cmake)
[4.127s] -- Checking for module 'eigen3'
[4.237s] --   Found eigen3, version 3.3.7
[4.486s] -- Found Eigen: /usr/include/eigen3 (Required is at least version "3.1") 
[4.486s] -- Eigen found (include: /usr/include/eigen3, version: 3.3.7)
[4.840s] -- Found Boost: /usr/include (found suitable version "1.71.0", minimum required is "1.55.0") found components: system filesystem date_time iostreams regex 
[4.865s] -- Checking for module 'libusb-1.0'
[4.978s] --   Found libusb-1.0, version 1.0.23
[5.229s] -- Found USB_10: /usr/lib/aarch64-linux-gnu/libusb-1.0.so  
[5.591s] -- Found OpenNI: /usr/lib/libOpenNI.so  
[5.592s] -- OpenNI found (include: /usr/include/ni, lib: /usr/lib/libOpenNI.so)
[5.964s] -- Found OpenNI2: /usr/lib/libOpenNI2.so  
[5.965s] -- OpenNI2 found (include: /usr/include/openni2, lib: /usr/lib/libOpenNI2.so)
[5.966s] ** WARNING ** io features related to pcap will be disabled
[5.966s] ** WARNING ** io features related to png will be disabled
[6.251s] -- The imported target "vtkParseOGLExt" references the file
[6.251s]    "/usr/bin/vtkParseOGLExt-7.1"
[6.251s] but this file does not exist.  Possible reasons include:
[6.252s] * The file was deleted, renamed, or moved to another location.
[6.252s] * An install or uninstall procedure did not complete successfully.
[6.252s] * The installation package was faulty and contained
[6.253s]    "/usr/lib/cmake/vtk-7.1/VTKTargets.cmake"
[6.253s] but not all the files it references.
[6.254s] 
[6.256s] -- The imported target "vtkRenderingPythonTkWidgets" references the file
[6.258s]    "/usr/lib/aarch64-linux-gnu/libvtkRenderingPythonTkWidgets.so"
[6.259s] but this file does not exist.  Possible reasons include:
[6.260s] * The file was deleted, renamed, or moved to another location.
[6.260s] * An install or uninstall procedure did not complete successfully.
[6.261s] * The installation package was faulty and contained
[6.263s]    "/usr/lib/cmake/vtk-7.1/VTKTargets.cmake"
[6.263s] but not all the files it references.
[6.268s] 
[6.269s] -- The imported target "vtk" references the file
[6.273s]    "/usr/bin/vtk"
[6.273s] but this file does not exist.  Possible reasons include:
[6.274s] * The file was deleted, renamed, or moved to another location.
[6.274s] * An install or uninstall procedure did not complete successfully.
[6.276s] * The installation package was faulty and contained
[6.276s]    "/usr/lib/cmake/vtk-7.1/VTKTargets.cmake"
[6.276s] but not all the files it references.
[6.277s] 
[6.277s] -- The imported target "pvtk" references the file
[6.278s]    "/usr/bin/pvtk"
[6.278s] but this file does not exist.  Possible reasons include:
[6.278s] * The file was deleted, renamed, or moved to another location.
[6.278s] * An install or uninstall procedure did not complete successfully.
[6.279s] * The installation package was faulty and contained
[6.279s]    "/usr/lib/cmake/vtk-7.1/VTKTargets.cmake"
[6.279s] but not all the files it references.
[6.280s] 
[6.367s] -- Found libusb-1.0: /usr/include  
[6.368s] ** WARNING ** io features related to libusb-1.0 will be disabled
[6.443s] -- Checking for module 'flann'
[6.548s] --   Found flann, version 1.9.1
[6.813s] -- Found FLANN: /usr/lib/aarch64-linux-gnu/libflann_cpp.so  
[6.924s] -- looking for PCL_COMMON
[6.928s] -- Found PCL_COMMON: /usr/lib/aarch64-linux-gnu/libpcl_common.so  
[6.929s] -- looking for PCL_OCTREE
[6.934s] -- Found PCL_OCTREE: /usr/lib/aarch64-linux-gnu/libpcl_octree.so  
[6.935s] -- looking for PCL_IO
[6.939s] -- Found PCL_IO: /usr/lib/aarch64-linux-gnu/libpcl_io.so  
[6.940s] -- looking for PCL_KDTREE
[6.945s] -- Found PCL_KDTREE: /usr/lib/aarch64-linux-gnu/libpcl_kdtree.so  
[6.946s] -- looking for PCL_SEARCH
[6.951s] -- Found PCL_SEARCH: /usr/lib/aarch64-linux-gnu/libpcl_search.so  
[6.951s] -- looking for PCL_SAMPLE_CONSENSUS
[6.955s] -- Found PCL_SAMPLE_CONSENSUS: /usr/lib/aarch64-linux-gnu/libpcl_sample_consensus.so  
[6.956s] -- looking for PCL_FILTERS
[6.960s] -- Found PCL_FILTERS: /usr/lib/aarch64-linux-gnu/libpcl_filters.so  
[6.961s] -- looking for PCL_GEOMETRY
[6.962s] -- Found PCL_GEOMETRY: /usr/include/pcl-1.10  
[6.963s] -- looking for PCL_2D
[6.964s] -- Found PCL_2D: /usr/include/pcl-1.10  
[6.968s] -- looking for PCL_FEATURES
[6.970s] -- Found PCL_FEATURES: /usr/lib/aarch64-linux-gnu/libpcl_features.so  
[6.972s] -- looking for PCL_ML
[6.976s] -- Found PCL_ML: /usr/lib/aarch64-linux-gnu/libpcl_ml.so  
[6.977s] -- looking for PCL_SEGMENTATION
[6.982s] -- Found PCL_SEGMENTATION: /usr/lib/aarch64-linux-gnu/libpcl_segmentation.so  
[6.987s] -- Found PCL: pcl_common;pcl_octree;pcl_io;pcl_kdtree;pcl_search;pcl_sample_consensus;pcl_filters;pcl_features;pcl_ml;pcl_segmentation;/usr/lib/aarch64-linux-gnu/libboost_system.so;/usr/lib/aarch64-linux-gnu/libboost_filesystem.so;/usr/lib/aarch64-linux-gnu/libboost_date_time.so;/usr/lib/aarch64-linux-gnu/libboost_iostreams.so;/usr/lib/aarch64-linux-gnu/libboost_regex.so;/usr/lib/libOpenNI.so;/usr/lib/libOpenNI2.so;vtkChartsCore;vtkCommonColor;vtkCommonCore;vtksys;vtkCommonDataModel;vtkCommonMath;vtkCommonMisc;vtkCommonSystem;vtkCommonTransforms;vtkCommonExecutionModel;vtkFiltersGeneral;vtkCommonComputationalGeometry;vtkFiltersCore;vtkInfovisCore;vtkFiltersExtraction;vtkFiltersStatistics;vtkImagingFourier;vtkImagingCore;vtkalglib;vtkRenderingContext2D;vtkRenderingCore;vtkFiltersGeometry;vtkFiltersSources;vtkRenderingFreeType;/usr/lib/aarch64-linux-gnu/libfreetype.so;/usr/lib/aarch64-linux-gnu/libz.so;vtkFiltersModeling;vtkImagingSources;vtkInteractionStyle;vtkInteractionWidgets;vtkFiltersHybrid;vtkImagingColor;vtkImagingGeneral;vtkImagingHybrid;vtkIOImage;vtkDICOMParser;vtkmetaio;/usr/lib/aarch64-linux-gnu/libjpeg.so;/usr/lib/aarch64-linux-gnu/libpng.so;/usr/lib/aarch64-linux-gnu/libtiff.so;vtkRenderingAnnotation;vtkRenderingVolume;vtkIOXML;vtkIOCore;vtkIOXMLParser;/usr/lib/aarch64-linux-gnu/libexpat.so;vtkIOGeometry;vtkIOLegacy;vtkIOPLY;vtkRenderingLOD;vtkViewsContext2D;vtkViewsCore;vtkRenderingContextOpenGL2;vtkRenderingOpenGL2;FLANN::FLANN  
[7.099s] -- Found ament_lint_auto: 0.9.8 (/opt/ros/foxy/share/ament_lint_auto/cmake)
[7.412s] -- Added test 'copyright' to check source files copyright and LICENSE
[7.417s] -- Added test 'cppcheck' to perform static code analysis on C / C++ code
[7.419s] -- Configured cppcheck include dirs: 
[7.420s] -- Configured cppcheck exclude dirs and/or files: 
[7.425s] -- Added test 'cpplint' to check C / C++ code against the Google style
[7.425s] -- Configured cpplint exclude dirs and/or files: 
[7.428s] -- Added test 'lint_cmake' to check CMake code style
[7.432s] -- Added test 'uncrustify' to check C / C++ code style
[7.432s] -- Configured uncrustify additional arguments: 
[7.437s] -- Added test 'xmllint' to check XML markup files
[7.456s] -- Configuring done
[7.689s] -- Generating done
[7.701s] -- Build files have been written to: /home/nvidia/master_ws/build/lidar
[7.853s] [35m[1mScanning dependencies of target lidar[0m
[7.965s] [ 50%] [32mBuilding CXX object CMakeFiles/lidar.dir/src/lidar.cpp.o[0m
[8.575s] [01m[K/home/nvidia/master_ws/src/lidar/src/lidar.cpp:4:10:[m[K [01;31m[Kfatal error: [m[Kstd_msgs/msg/Float32MultiArray.hpp: No such file or directory
[8.576s]     4 | #include [01;31m[K"std_msgs/msg/Float32MultiArray.hpp"[m[K
[8.576s]       |          [01;31m[K^~~~~~~~~~~~~~~~~~~~~~~~~~~~~~~~~~~~[m[K
[8.576s] compilation terminated.
[8.584s] make[2]: *** [CMakeFiles/lidar.dir/build.make:63: CMakeFiles/lidar.dir/src/lidar.cpp.o] Error 1
[8.584s] make[1]: *** [CMakeFiles/Makefile2:78: CMakeFiles/lidar.dir/all] Error 2
[8.585s] make: *** [Makefile:141: all] Error 2
[8.596s] Invoked command in '/home/nvidia/master_ws/build/lidar' returned '2': CMAKE_PREFIX_PATH=${CMAKE_PREFIX_PATH}:/home/nvidia/master_ws/install/xbox:/home/nvidia/master_ws/install/lidar_control:/home/nvidia/master_ws/install/launch_car:/home/nvidia/master_ws/install/broadcaster:/home/nvidia/install/xbox:/opt/ros/foxy /usr/bin/cmake --build /home/nvidia/master_ws/build/lidar -- -j4 -l4
