[0.153s] Invoking command in '/home/nvidia/master_ws/build/plane_fitter': CMAKE_PREFIX_PATH=${CMAKE_PREFIX_PATH}:/home/nvidia/master_ws/install/xbox:/home/nvidia/master_ws/install/lidar_control:/home/nvidia/master_ws/install/launch_car:/home/nvidia/master_ws/install/broadcaster:/home/nvidia/install/xbox:/opt/ros/foxy /usr/bin/cmake --build /home/nvidia/master_ws/build/plane_fitter -- -j6 -l6
[0.537s] [35m[1mScanning dependencies of target plane_fitter[0m
[0.984s] [ 50%] [32mBuilding CXX object CMakeFiles/plane_fitter.dir/src/plane_fitter.cpp.o[0m
[28.418s] [01m[K/home/nvidia/master_ws/src/plane_fitter/src/plane_fitter.cpp:176:24:[m[K [01;31m[Kerror: [m[Kâ€˜[01m[KFloat64MultiArray[m[Kâ€™ in namespace â€˜[01m[Kstd_msgs::msg[m[Kâ€™ does not name a type; did you mean â€˜[01m[KFloat32MultiArray[m[Kâ€™?
[28.418s]   176 |         std_msgs::msg::[01;31m[KFloat64MultiArray[m[K pointCloudCb(const pcl::PointCloud<pcl::PointXYZ>::Ptr& cloud_msg) {
[28.419s]       |                        [01;31m[K^~~~~~~~~~~~~~~~~[m[K
[28.419s]       |                        [32m[KFloat32MultiArray[m[K
[28.430s] [01m[K/home/nvidia/master_ws/src/plane_fitter/src/plane_fitter.cpp:287:42:[m[K [01;31m[Kerror: [m[Kâ€˜[01m[KFloat64MultiArray[m[Kâ€™ is not a member of â€˜[01m[Kstd_msgs::msg[m[Kâ€™; did you mean â€˜[01m[KFloat32MultiArray[m[Kâ€™?
[28.431s]   287 |         rclcpp::Publisher<std_msgs::msg::[01;31m[KFloat64MultiArray[m[K>::SharedPtr publisher_combined_features_;
[28.433s]       |                                          [01;31m[K^~~~~~~~~~~~~~~~~[m[K
[28.434s]       |                                          [32m[KFloat32MultiArray[m[K
[28.434s] [01m[K/home/nvidia/master_ws/src/plane_fitter/src/plane_fitter.cpp:287:42:[m[K [01;31m[Kerror: [m[Kâ€˜[01m[KFloat64MultiArray[m[Kâ€™ is not a member of â€˜[01m[Kstd_msgs::msg[m[Kâ€™; did you mean â€˜[01m[KFloat32MultiArray[m[Kâ€™?
[28.435s]   287 |         rclcpp::Publisher<std_msgs::msg::[01;31m[KFloat64MultiArray[m[K>::SharedPtr publisher_combined_features_;
[28.435s]       |                                          [01;31m[K^~~~~~~~~~~~~~~~~[m[K
[28.436s]       |                                          [32m[KFloat32MultiArray[m[K
[28.436s] [01m[K/home/nvidia/master_ws/src/plane_fitter/src/plane_fitter.cpp:287:59:[m[K [01;31m[Kerror: [m[Ktemplate argument 1 is invalid
[28.437s]   287 |         rclcpp::Publisher<std_msgs::msg::Float64MultiArray[01;31m[K>[m[K::SharedPtr publisher_combined_features_;
[28.437s]       |                                                           [01;31m[K^[m[K
[28.438s] [01m[K/home/nvidia/master_ws/src/plane_fitter/src/plane_fitter.cpp:287:62:[m[K [01;31m[Kerror: [m[Kexpected â€˜[01m[K;[m[Kâ€™ at end of member declaration
[28.438s]   287 |         rclcpp::Publisher<std_msgs::msg::Float64MultiArray>::[01;31m[KSharedPtr[m[K publisher_combined_features_;
[28.438s]       |                                                              [01;31m[K^~~~~~~~~[m[K
[28.439s]       |                                                                       [32m[K;[m[K
[28.496s] [01m[K/home/nvidia/master_ws/src/plane_fitter/src/plane_fitter.cpp:287:72:[m[K [01;31m[Kerror: [m[Kâ€˜[01m[Kpublisher_combined_features_[m[Kâ€™ does not name a type
[28.496s]   287 |         rclcpp::Publisher<std_msgs::msg::Float64MultiArray>::SharedPtr [01;31m[Kpublisher_combined_features_[m[K;
[28.497s]       |                                                                        [01;31m[K^~~~~~~~~~~~~~~~~~~~~~~~~~~~[m[K
[28.644s] [01m[K/home/nvidia/master_ws/src/plane_fitter/src/plane_fitter.cpp:[m[K In constructor â€˜[01m[KpointCloudPlaneFitter::pointCloudPlaneFitter()[m[Kâ€™:
[28.644s] [01m[K/home/nvidia/master_ws/src/plane_fitter/src/plane_fitter.cpp:103:13:[m[K [01;31m[Kerror: [m[Kâ€˜[01m[Kpublisher_combined_features_[m[Kâ€™ was not declared in this scope
[28.645s]   103 |             [01;31m[Kpublisher_combined_features_[m[K = this->create_publisher<std_msgs::msg::Float64MultiArray>("/plane_fitter_features_", 10);
[28.646s]       |             [01;31m[K^~~~~~~~~~~~~~~~~~~~~~~~~~~~[m[K
[28.646s] [01m[K/home/nvidia/master_ws/src/plane_fitter/src/plane_fitter.cpp:103:82:[m[K [01;31m[Kerror: [m[Kâ€˜[01m[KFloat64MultiArray[m[Kâ€™ is not a member of â€˜[01m[Kstd_msgs::msg[m[Kâ€™; did you mean â€˜[01m[KFloat32MultiArray[m[Kâ€™?
[28.647s]   103 |             publisher_combined_features_ = this->create_publisher<std_msgs::msg::[01;31m[KFloat64MultiArray[m[K>("/plane_fitter_features_", 10);
[28.647s]       |                                                                                  [01;31m[K^~~~~~~~~~~~~~~~~[m[K
[28.647s]       |                                                                                  [32m[KFloat32MultiArray[m[K
[28.648s] [01m[K/home/nvidia/master_ws/src/plane_fitter/src/plane_fitter.cpp:103:82:[m[K [01;31m[Kerror: [m[Kâ€˜[01m[KFloat64MultiArray[m[Kâ€™ is not a member of â€˜[01m[Kstd_msgs::msg[m[Kâ€™; did you mean â€˜[01m[KFloat32MultiArray[m[Kâ€™?
[28.648s]   103 |             publisher_combined_features_ = this->create_publisher<std_msgs::msg::[01;31m[KFloat64MultiArray[m[K>("/plane_fitter_features_", 10);
[28.649s]       |                                                                                  [01;31m[K^~~~~~~~~~~~~~~~~[m[K
[28.649s]       |                                                                                  [32m[KFloat32MultiArray[m[K
[28.649s] [01m[K/home/nvidia/master_ws/src/plane_fitter/src/plane_fitter.cpp:103:130:[m[K [01;31m[Kerror: [m[Kno matching function for call to â€˜[01m[KpointCloudPlaneFitter::create_publisher<<expression error> >(const char [24], int)[m[Kâ€™
[28.650s]   103 | ->create_publisher<std_msgs::msg::Float64MultiArray>("/plane_fitter_features_", 10[01;31m[K)[m[K;
[28.650s]       |                                                                                   [01;31m[K^[m[K
[28.651s] 
[28.651s] In file included from [01m[K/opt/ros/foxy/include/rclcpp/executors/single_threaded_executor.hpp:28[m[K,
[28.651s]                  from [01m[K/opt/ros/foxy/include/rclcpp/executors.hpp:22[m[K,
[28.652s]                  from [01m[K/opt/ros/foxy/include/rclcpp/rclcpp.hpp:146[m[K,
[28.652s]                  from [01m[K/home/nvidia/master_ws/src/plane_fitter/src/plane_fitter.cpp:8[m[K:
[28.652s] [01m[K/opt/ros/foxy/include/rclcpp/node.hpp:184:3:[m[K [01;36m[Knote: [m[Kcandidate: â€˜[01m[Ktemplate<class MessageT, class AllocatorT, class PublisherT> std::shared_ptr<PublisherT> rclcpp::Node::create_publisher(const string&, const rclcpp::QoS&, const rclcpp::PublisherOptionsWithAllocator<AllocatorT>&)[m[Kâ€™
[28.653s]   184 |   [01;36m[Kcreate_publisher[m[K(
[28.653s]       |   [01;36m[K^~~~~~~~~~~~~~~~[m[K
[28.654s] [01m[K/opt/ros/foxy/include/rclcpp/node.hpp:184:3:[m[K [01;36m[Knote: [m[K  template argument deduction/substitution failed:
[28.654s] [01m[K/home/nvidia/master_ws/src/plane_fitter/src/plane_fitter.cpp:103:130:[m[K [01;31m[Kerror: [m[Ktemplate argument 1 is invalid
[28.654s]   103 | ->create_publisher<std_msgs::msg::Float64MultiArray>("/plane_fitter_features_", 10[01;31m[K)[m[K;
[28.655s]       |                                                                                   [01;31m[K^[m[K
[28.655s] 
[28.820s] [01m[K/home/nvidia/master_ws/src/plane_fitter/src/plane_fitter.cpp:[m[K In member function â€˜[01m[Kvoid pointCloudPlaneFitter::splitPointCloud(sensor_msgs::msg::PointCloud2_<std::allocator<void> >::SharedPtr)[m[Kâ€™:
[28.821s] [01m[K/home/nvidia/master_ws/src/plane_fitter/src/plane_fitter.cpp:164:27:[m[K [01;31m[Kerror: [m[Kâ€˜[01m[KpointCloudCb[m[Kâ€™ was not declared in this scope
[28.821s]   164 |             feature_mid = [01;31m[KpointCloudCb[m[K(cloud_mid);
[28.822s]       |                           [01;31m[K^~~~~~~~~~~~[m[K
[28.891s] [01m[K/home/nvidia/master_ws/src/plane_fitter/src/plane_fitter.cpp:173:13:[m[K [01;31m[Kerror: [m[Kâ€˜[01m[Kpublisher_combined_features_[m[Kâ€™ was not declared in this scope
[28.891s]   173 |             [01;31m[Kpublisher_combined_features_[m[K->publish(combined_features);
[28.892s]       |             [01;31m[K^~~~~~~~~~~~~~~~~~~~~~~~~~~~[m[K
[39.734s] make[2]: *** [CMakeFiles/plane_fitter.dir/build.make:63: CMakeFiles/plane_fitter.dir/src/plane_fitter.cpp.o] Error 1
[39.735s] make[1]: *** [CMakeFiles/Makefile2:78: CMakeFiles/plane_fitter.dir/all] Error 2
[39.736s] make: *** [Makefile:141: all] Error 2
[39.751s] Invoked command in '/home/nvidia/master_ws/build/plane_fitter' returned '2': CMAKE_PREFIX_PATH=${CMAKE_PREFIX_PATH}:/home/nvidia/master_ws/install/xbox:/home/nvidia/master_ws/install/lidar_control:/home/nvidia/master_ws/install/launch_car:/home/nvidia/master_ws/install/broadcaster:/home/nvidia/install/xbox:/opt/ros/foxy /usr/bin/cmake --build /home/nvidia/master_ws/build/plane_fitter -- -j6 -l6
