[35m[1mScanning dependencies of target listener[0m
[ 50%] [32mBuilding CXX object CMakeFiles/listener.dir/src/listener.cpp.o[0m
[01m[K/home/nvidia/master_ws/src/listener/src/listener.cpp:[m[K In member function â€˜[01m[Kvoid Transformer::listener_callback_lidar(sensor_msgs::msg::PointCloud2_<std::allocator<void> >::SharedPtr)[m[Kâ€™:
[01m[K/home/nvidia/master_ws/src/listener/src/listener.cpp:71:9:[m[K [01;31m[Kerror: [m[Kâ€˜[01m[Kpublisher_lidar[m[Kâ€™ was not declared in this scope; did you mean â€˜[01m[Kpublisher_lidar_[m[Kâ€™?
   71 |         [01;31m[Kpublisher_lidar[m[K->publish(transformed_cloud);                                                                                                     // publishes the new pointcloud2 message
      |         [01;31m[K^~~~~~~~~~~~~~~[m[K
      |         [32m[Kpublisher_lidar_[m[K
[01m[K/home/nvidia/master_ws/src/listener/src/listener.cpp:[m[K In member function â€˜[01m[Kvoid Transformer::listener_callback_realsense(sensor_msgs::msg::PointCloud2_<std::allocator<void> >::SharedPtr)[m[Kâ€™:
[01m[K/home/nvidia/master_ws/src/listener/src/listener.cpp:104:9:[m[K [01;31m[Kerror: [m[Kâ€˜[01m[Kpublisher_realsense[m[Kâ€™ was not declared in this scope; did you mean â€˜[01m[Kpublisher_realsense_[m[Kâ€™?
  104 |         [01;31m[Kpublisher_realsense[m[K->publish(transformed_cloud);                                                                                                     // publishes the new pointcloud2 message
      |         [01;31m[K^~~~~~~~~~~~~~~~~~~[m[K
      |         [32m[Kpublisher_realsense_[m[K
make[2]: *** [CMakeFiles/listener.dir/build.make:63: CMakeFiles/listener.dir/src/listener.cpp.o] Error 1
make[1]: *** [CMakeFiles/Makefile2:78: CMakeFiles/listener.dir/all] Error 2
make: *** [Makefile:141: all] Error 2
