[0.128s] Invoking command in '/home/nvidia/master_ws/build/listener': CMAKE_PREFIX_PATH=${CMAKE_PREFIX_PATH}:/home/nvidia/master_ws/install/xbox:/home/nvidia/master_ws/install/lidar_control:/home/nvidia/master_ws/install/launch_car:/home/nvidia/master_ws/install/controller:/home/nvidia/master_ws/install/broadcaster:/home/nvidia/velodyne_drivers/install/broadcast_and_listener:/home/nvidia/velodyne_drivers/install/examples_tf2_py:/home/nvidia/velodyne_drivers/install/broadcaster:/home/nvidia/velodyne_drivers/install/test_converter:/home/nvidia/velodyne_drivers/install/py_launch_example:/home/nvidia/velodyne_drivers/install/example:/opt/ros/foxy /usr/bin/cmake --build /home/nvidia/master_ws/build/listener -- -j4 -l4
[0.540s] [35m[1mScanning dependencies of target listener[0m
[0.978s] [ 50%] [32mBuilding CXX object CMakeFiles/listener.dir/src/listener.cpp.o[0m
[10.766s] [01m[K/home/nvidia/master_ws/src/listener/src/listener.cpp:[m[K In member function â€˜[01m[Kvoid Transformer::listener_callback_lidar(sensor_msgs::msg::PointCloud2_<std::allocator<void> >::SharedPtr)[m[Kâ€™:
[10.767s] [01m[K/home/nvidia/master_ws/src/listener/src/listener.cpp:71:9:[m[K [01;31m[Kerror: [m[Kâ€˜[01m[Kpublisher_lidar[m[Kâ€™ was not declared in this scope; did you mean â€˜[01m[Kpublisher_lidar_[m[Kâ€™?
[10.767s]    71 |         [01;31m[Kpublisher_lidar[m[K->publish(transformed_cloud);                                                                                                     // publishes the new pointcloud2 message
[10.767s]       |         [01;31m[K^~~~~~~~~~~~~~~[m[K
[10.768s]       |         [32m[Kpublisher_lidar_[m[K
[10.781s] [01m[K/home/nvidia/master_ws/src/listener/src/listener.cpp:[m[K In member function â€˜[01m[Kvoid Transformer::listener_callback_realsense(sensor_msgs::msg::PointCloud2_<std::allocator<void> >::SharedPtr)[m[Kâ€™:
[10.782s] [01m[K/home/nvidia/master_ws/src/listener/src/listener.cpp:104:9:[m[K [01;31m[Kerror: [m[Kâ€˜[01m[Kpublisher_realsense[m[Kâ€™ was not declared in this scope; did you mean â€˜[01m[Kpublisher_realsense_[m[Kâ€™?
[10.782s]   104 |         [01;31m[Kpublisher_realsense[m[K->publish(transformed_cloud);                                                                                                     // publishes the new pointcloud2 message
[10.783s]       |         [01;31m[K^~~~~~~~~~~~~~~~~~~[m[K
[10.783s]       |         [32m[Kpublisher_realsense_[m[K
[18.123s] make[2]: *** [CMakeFiles/listener.dir/build.make:63: CMakeFiles/listener.dir/src/listener.cpp.o] Error 1
[18.124s] make[1]: *** [CMakeFiles/Makefile2:78: CMakeFiles/listener.dir/all] Error 2
[18.126s] make: *** [Makefile:141: all] Error 2
[18.137s] Invoked command in '/home/nvidia/master_ws/build/listener' returned '2': CMAKE_PREFIX_PATH=${CMAKE_PREFIX_PATH}:/home/nvidia/master_ws/install/xbox:/home/nvidia/master_ws/install/lidar_control:/home/nvidia/master_ws/install/launch_car:/home/nvidia/master_ws/install/controller:/home/nvidia/master_ws/install/broadcaster:/home/nvidia/velodyne_drivers/install/broadcast_and_listener:/home/nvidia/velodyne_drivers/install/examples_tf2_py:/home/nvidia/velodyne_drivers/install/broadcaster:/home/nvidia/velodyne_drivers/install/test_converter:/home/nvidia/velodyne_drivers/install/py_launch_example:/home/nvidia/velodyne_drivers/install/example:/opt/ros/foxy /usr/bin/cmake --build /home/nvidia/master_ws/build/listener -- -j4 -l4
