[01m[K/home/nvidia/master_ws/src/plane_fitter/src/plane_fitter.cpp:[m[K In constructor â€˜[01m[KpointCloudPlaneFitter::pointCloudPlaneFitter()[m[Kâ€™:
[01m[K/home/nvidia/master_ws/src/plane_fitter/src/plane_fitter.cpp:103:13:[m[K [01;31m[Kerror: [m[Kâ€˜[01m[Kpublisher_feature_mid_[m[Kâ€™ was not declared in this scope; did you mean â€˜[01m[Kpublisher_feature_[m[Kâ€™?
  103 |             [01;31m[Kpublisher_feature_mid_[m[K = this->create_publisher<std_msgs::msg::Float64MultiArray>("/plane_fitter_mid", 1);
      |             [01;31m[K^~~~~~~~~~~~~~~~~~~~~~[m[K
      |             [32m[Kpublisher_feature_[m[K
[01m[K/home/nvidia/master_ws/src/plane_fitter/src/plane_fitter.cpp:104:13:[m[K [01;31m[Kerror: [m[Kâ€˜[01m[Kpublisher_feature_left_[m[Kâ€™ was not declared in this scope; did you mean â€˜[01m[Kpublisher_feature_[m[Kâ€™?
  104 |             [01;31m[Kpublisher_feature_left_[m[K = this->create_publisher<std_msgs::msg::Float64MultiArray>("/plane_fitter_left", 1);
      |             [01;31m[K^~~~~~~~~~~~~~~~~~~~~~~[m[K
      |             [32m[Kpublisher_feature_[m[K
[01m[K/home/nvidia/master_ws/src/plane_fitter/src/plane_fitter.cpp:105:13:[m[K [01;31m[Kerror: [m[Kâ€˜[01m[Kpublisher_feature_right_[m[Kâ€™ was not declared in this scope; did you mean â€˜[01m[Kpublisher_feature_[m[Kâ€™?
  105 |             [01;31m[Kpublisher_feature_right_[m[K = this->create_publisher<std_msgs::msg::Float64MultiArray>("/plane_fitter_right", 1);
      |             [01;31m[K^~~~~~~~~~~~~~~~~~~~~~~~[m[K
      |             [32m[Kpublisher_feature_[m[K
[01m[K/home/nvidia/master_ws/src/plane_fitter/src/plane_fitter.cpp:[m[K In member function â€˜[01m[Kvoid pointCloudPlaneFitter::splitPointCloud(sensor_msgs::msg::PointCloud2_<std::allocator<void> >::SharedPtr)[m[Kâ€™:
[01m[K/home/nvidia/master_ws/src/plane_fitter/src/plane_fitter.cpp:141:41:[m[K [01;31m[Kerror: [m[Kâ€˜[01m[Kx[m[Kâ€™ was not declared in this scope; did you mean â€˜[01m[Kpcl::fields::x[m[Kâ€™?
  141 |                     float r = std::sqrt([01;31m[Kx[m[K * x + y * y);
      |                                         [01;31m[K^[m[K
      |                                         [32m[Kpcl::fields::x[m[K
In file included from [01m[K/usr/include/boost/preprocessor/tuple/elem.hpp:23[m[K,
                 from [01m[K/usr/include/boost/preprocessor/arithmetic/add.hpp:21[m[K,
                 from [01m[K/usr/include/boost/mpl/aux_/preprocessor/def_params_tail.hpp:66[m[K,
                 from [01m[K/usr/include/boost/mpl/aux_/na_spec.hpp:28[m[K,
                 from [01m[K/usr/include/boost/mpl/not.hpp:20[m[K,
                 from [01m[K/usr/include/boost/mpl/assert.hpp:17[m[K,
                 from [01m[K/usr/include/pcl-1.10/pcl/point_traits.h:48[m[K,
                 from [01m[K/usr/include/pcl-1.10/pcl/point_cloud.h:50[m[K,
                 from [01m[K/usr/include/pcl-1.10/pcl/conversions.h:49[m[K,
                 from [01m[K/opt/ros/foxy/include/pcl_conversions/pcl_conversions.h:46[m[K,
                 from [01m[K/home/nvidia/master_ws/src/plane_fitter/src/plane_fitter.cpp:11[m[K:
[01m[K/usr/include/pcl-1.10/pcl/point_types.h:385:1:[m[K [01;36m[Knote: [m[Kâ€˜[01m[Kpcl::fields::x[m[Kâ€™ declared here
  385 | [01;36m[KPOINT_CLOUD_REGISTER_POINT_STRUCT[m[K (pcl::_PointXYZ,
      | [01;36m[K^~~~~~~~~~~~~~~~~~~~~~~~~~~~~~~~~[m[K
[01m[K/home/nvidia/master_ws/src/plane_fitter/src/plane_fitter.cpp:141:49:[m[K [01;31m[Kerror: [m[Kâ€˜[01m[Ky[m[Kâ€™ was not declared in this scope; did you mean â€˜[01m[Kpcl::fields::y[m[Kâ€™?
  141 |                     float r = std::sqrt(x * x + [01;31m[Ky[m[K * y);
      |                                                 [01;31m[K^[m[K
      |                                                 [32m[Kpcl::fields::y[m[K
In file included from [01m[K/usr/include/boost/preprocessor/tuple/elem.hpp:23[m[K,
                 from [01m[K/usr/include/boost/preprocessor/arithmetic/add.hpp:21[m[K,
                 from [01m[K/usr/include/boost/mpl/aux_/preprocessor/def_params_tail.hpp:66[m[K,
                 from [01m[K/usr/include/boost/mpl/aux_/na_spec.hpp:28[m[K,
                 from [01m[K/usr/include/boost/mpl/not.hpp:20[m[K,
                 from [01m[K/usr/include/boost/mpl/assert.hpp:17[m[K,
                 from [01m[K/usr/include/pcl-1.10/pcl/point_traits.h:48[m[K,
                 from [01m[K/usr/include/pcl-1.10/pcl/point_cloud.h:50[m[K,
                 from [01m[K/usr/include/pcl-1.10/pcl/conversions.h:49[m[K,
                 from [01m[K/opt/ros/foxy/include/pcl_conversions/pcl_conversions.h:46[m[K,
                 from [01m[K/home/nvidia/master_ws/src/plane_fitter/src/plane_fitter.cpp:11[m[K:
[01m[K/usr/include/pcl-1.10/pcl/point_types.h:385:1:[m[K [01;36m[Knote: [m[Kâ€˜[01m[Kpcl::fields::y[m[Kâ€™ declared here
  385 | [01;36m[KPOINT_CLOUD_REGISTER_POINT_STRUCT[m[K (pcl::_PointXYZ,
      | [01;36m[K^~~~~~~~~~~~~~~~~~~~~~~~~~~~~~~~~[m[K
[01m[K/home/nvidia/master_ws/src/plane_fitter/src/plane_fitter.cpp:156:13:[m[K [01;31m[Kerror: [m[Kâ€˜[01m[Kpublisher_feature_mid_[m[Kâ€™ was not declared in this scope; did you mean â€˜[01m[Kpublisher_feature_[m[Kâ€™?
  156 |             [01;31m[Kpublisher_feature_mid_[m[K->publish(cloud_mid);
      |             [01;31m[K^~~~~~~~~~~~~~~~~~~~~~[m[K
      |             [32m[Kpublisher_feature_[m[K
[01m[K/home/nvidia/master_ws/src/plane_fitter/src/plane_fitter.cpp:157:13:[m[K [01;31m[Kerror: [m[Kâ€˜[01m[Kpublisher_feature_left_[m[Kâ€™ was not declared in this scope; did you mean â€˜[01m[Kpublisher_feature_[m[Kâ€™?
  157 |             [01;31m[Kpublisher_feature_left_[m[K->publish(cloud_left);
      |             [01;31m[K^~~~~~~~~~~~~~~~~~~~~~~[m[K
      |             [32m[Kpublisher_feature_[m[K
[01m[K/home/nvidia/master_ws/src/plane_fitter/src/plane_fitter.cpp:158:13:[m[K [01;31m[Kerror: [m[Kâ€˜[01m[Kpublisher_feature_right_[m[Kâ€™ was not declared in this scope; did you mean â€˜[01m[Kpublisher_feature_[m[Kâ€™?
  158 |             [01;31m[Kpublisher_feature_right_[m[K->publish(cloud_right);
      |             [01;31m[K^~~~~~~~~~~~~~~~~~~~~~~~[m[K
      |             [32m[Kpublisher_feature_[m[K
make[2]: *** [CMakeFiles/plane_fitter.dir/build.make:63: CMakeFiles/plane_fitter.dir/src/plane_fitter.cpp.o] Error 1
make[1]: *** [CMakeFiles/Makefile2:78: CMakeFiles/plane_fitter.dir/all] Error 2
make: *** [Makefile:141: all] Error 2
