[0.067s] Invoking command in '/home/nvidia/master_ws/build/plane_fitter': CMAKE_PREFIX_PATH=/opt/ros/foxy /usr/bin/cmake --build /home/nvidia/master_ws/build/plane_fitter -- -j4 -l4
[0.411s] [35m[1mScanning dependencies of target plane_fitter[0m
[0.750s] [ 50%] [32mBuilding CXX object CMakeFiles/plane_fitter.dir/src/plane_fitter.cpp.o[0m
[23.175s] [01m[K/home/nvidia/master_ws/src/plane_fitter/src/plane_fitter.cpp:[m[K In constructor â€˜[01m[KpointCloudPlaneFitter::pointCloudPlaneFitter()[m[Kâ€™:
[23.175s] [01m[K/home/nvidia/master_ws/src/plane_fitter/src/plane_fitter.cpp:103:13:[m[K [01;31m[Kerror: [m[Kâ€˜[01m[Kpublisher_feature_mid_[m[Kâ€™ was not declared in this scope; did you mean â€˜[01m[Kpublisher_feature_[m[Kâ€™?
[23.176s]   103 |             [01;31m[Kpublisher_feature_mid_[m[K = this->create_publisher<std_msgs::msg::Float64MultiArray>("/plane_fitter_mid", 1);
[23.176s]       |             [01;31m[K^~~~~~~~~~~~~~~~~~~~~~[m[K
[23.177s]       |             [32m[Kpublisher_feature_[m[K
[23.217s] [01m[K/home/nvidia/master_ws/src/plane_fitter/src/plane_fitter.cpp:104:13:[m[K [01;31m[Kerror: [m[Kâ€˜[01m[Kpublisher_feature_left_[m[Kâ€™ was not declared in this scope; did you mean â€˜[01m[Kpublisher_feature_[m[Kâ€™?
[23.217s]   104 |             [01;31m[Kpublisher_feature_left_[m[K = this->create_publisher<std_msgs::msg::Float64MultiArray>("/plane_fitter_left", 1);
[23.217s]       |             [01;31m[K^~~~~~~~~~~~~~~~~~~~~~~[m[K
[23.218s]       |             [32m[Kpublisher_feature_[m[K
[23.255s] [01m[K/home/nvidia/master_ws/src/plane_fitter/src/plane_fitter.cpp:105:13:[m[K [01;31m[Kerror: [m[Kâ€˜[01m[Kpublisher_feature_right_[m[Kâ€™ was not declared in this scope; did you mean â€˜[01m[Kpublisher_feature_[m[Kâ€™?
[23.256s]   105 |             [01;31m[Kpublisher_feature_right_[m[K = this->create_publisher<std_msgs::msg::Float64MultiArray>("/plane_fitter_right", 1);
[23.256s]       |             [01;31m[K^~~~~~~~~~~~~~~~~~~~~~~~[m[K
[23.257s]       |             [32m[Kpublisher_feature_[m[K
[23.356s] [01m[K/home/nvidia/master_ws/src/plane_fitter/src/plane_fitter.cpp:[m[K In member function â€˜[01m[Kvoid pointCloudPlaneFitter::splitPointCloud(sensor_msgs::msg::PointCloud2_<std::allocator<void> >::SharedPtr)[m[Kâ€™:
[23.357s] [01m[K/home/nvidia/master_ws/src/plane_fitter/src/plane_fitter.cpp:141:41:[m[K [01;31m[Kerror: [m[Kâ€˜[01m[Kx[m[Kâ€™ was not declared in this scope; did you mean â€˜[01m[Kpcl::fields::x[m[Kâ€™?
[23.357s]   141 |                     float r = std::sqrt([01;31m[Kx[m[K * x + y * y);
[23.357s]       |                                         [01;31m[K^[m[K
[23.358s]       |                                         [32m[Kpcl::fields::x[m[K
[23.358s] In file included from [01m[K/usr/include/boost/preprocessor/tuple/elem.hpp:23[m[K,
[23.358s]                  from [01m[K/usr/include/boost/preprocessor/arithmetic/add.hpp:21[m[K,
[23.359s]                  from [01m[K/usr/include/boost/mpl/aux_/preprocessor/def_params_tail.hpp:66[m[K,
[23.359s]                  from [01m[K/usr/include/boost/mpl/aux_/na_spec.hpp:28[m[K,
[23.360s]                  from [01m[K/usr/include/boost/mpl/not.hpp:20[m[K,
[23.360s]                  from [01m[K/usr/include/boost/mpl/assert.hpp:17[m[K,
[23.361s]                  from [01m[K/usr/include/pcl-1.10/pcl/point_traits.h:48[m[K,
[23.361s]                  from [01m[K/usr/include/pcl-1.10/pcl/point_cloud.h:50[m[K,
[23.361s]                  from [01m[K/usr/include/pcl-1.10/pcl/conversions.h:49[m[K,
[23.362s]                  from [01m[K/opt/ros/foxy/include/pcl_conversions/pcl_conversions.h:46[m[K,
[23.362s]                  from [01m[K/home/nvidia/master_ws/src/plane_fitter/src/plane_fitter.cpp:11[m[K:
[23.363s] [01m[K/usr/include/pcl-1.10/pcl/point_types.h:385:1:[m[K [01;36m[Knote: [m[Kâ€˜[01m[Kpcl::fields::x[m[Kâ€™ declared here
[23.364s]   385 | [01;36m[KPOINT_CLOUD_REGISTER_POINT_STRUCT[m[K (pcl::_PointXYZ,
[23.364s]       | [01;36m[K^~~~~~~~~~~~~~~~~~~~~~~~~~~~~~~~~[m[K
[23.364s] [01m[K/home/nvidia/master_ws/src/plane_fitter/src/plane_fitter.cpp:141:49:[m[K [01;31m[Kerror: [m[Kâ€˜[01m[Ky[m[Kâ€™ was not declared in this scope; did you mean â€˜[01m[Kpcl::fields::y[m[Kâ€™?
[23.365s]   141 |                     float r = std::sqrt(x * x + [01;31m[Ky[m[K * y);
[23.365s]       |                                                 [01;31m[K^[m[K
[23.365s]       |                                                 [32m[Kpcl::fields::y[m[K
[23.366s] In file included from [01m[K/usr/include/boost/preprocessor/tuple/elem.hpp:23[m[K,
[23.366s]                  from [01m[K/usr/include/boost/preprocessor/arithmetic/add.hpp:21[m[K,
[23.366s]                  from [01m[K/usr/include/boost/mpl/aux_/preprocessor/def_params_tail.hpp:66[m[K,
[23.367s]                  from [01m[K/usr/include/boost/mpl/aux_/na_spec.hpp:28[m[K,
[23.367s]                  from [01m[K/usr/include/boost/mpl/not.hpp:20[m[K,
[23.367s]                  from [01m[K/usr/include/boost/mpl/assert.hpp:17[m[K,
[23.368s]                  from [01m[K/usr/include/pcl-1.10/pcl/point_traits.h:48[m[K,
[23.368s]                  from [01m[K/usr/include/pcl-1.10/pcl/point_cloud.h:50[m[K,
[23.368s]                  from [01m[K/usr/include/pcl-1.10/pcl/conversions.h:49[m[K,
[23.369s]                  from [01m[K/opt/ros/foxy/include/pcl_conversions/pcl_conversions.h:46[m[K,
[23.369s]                  from [01m[K/home/nvidia/master_ws/src/plane_fitter/src/plane_fitter.cpp:11[m[K:
[23.370s] [01m[K/usr/include/pcl-1.10/pcl/point_types.h:385:1:[m[K [01;36m[Knote: [m[Kâ€˜[01m[Kpcl::fields::y[m[Kâ€™ declared here
[23.370s]   385 | [01;36m[KPOINT_CLOUD_REGISTER_POINT_STRUCT[m[K (pcl::_PointXYZ,
[23.370s]       | [01;36m[K^~~~~~~~~~~~~~~~~~~~~~~~~~~~~~~~~[m[K
[23.391s] [01m[K/home/nvidia/master_ws/src/plane_fitter/src/plane_fitter.cpp:156:13:[m[K [01;31m[Kerror: [m[Kâ€˜[01m[Kpublisher_feature_mid_[m[Kâ€™ was not declared in this scope; did you mean â€˜[01m[Kpublisher_feature_[m[Kâ€™?
[23.391s]   156 |             [01;31m[Kpublisher_feature_mid_[m[K->publish(cloud_mid);
[23.392s]       |             [01;31m[K^~~~~~~~~~~~~~~~~~~~~~[m[K
[23.392s]       |             [32m[Kpublisher_feature_[m[K
[23.421s] [01m[K/home/nvidia/master_ws/src/plane_fitter/src/plane_fitter.cpp:157:13:[m[K [01;31m[Kerror: [m[Kâ€˜[01m[Kpublisher_feature_left_[m[Kâ€™ was not declared in this scope; did you mean â€˜[01m[Kpublisher_feature_[m[Kâ€™?
[23.421s]   157 |             [01;31m[Kpublisher_feature_left_[m[K->publish(cloud_left);
[23.422s]       |             [01;31m[K^~~~~~~~~~~~~~~~~~~~~~~[m[K
[23.422s]       |             [32m[Kpublisher_feature_[m[K
[23.456s] [01m[K/home/nvidia/master_ws/src/plane_fitter/src/plane_fitter.cpp:158:13:[m[K [01;31m[Kerror: [m[Kâ€˜[01m[Kpublisher_feature_right_[m[Kâ€™ was not declared in this scope; did you mean â€˜[01m[Kpublisher_feature_[m[Kâ€™?
[23.456s]   158 |             [01;31m[Kpublisher_feature_right_[m[K->publish(cloud_right);
[23.457s]       |             [01;31m[K^~~~~~~~~~~~~~~~~~~~~~~~[m[K
[23.457s]       |             [32m[Kpublisher_feature_[m[K
[32.506s] make[2]: *** [CMakeFiles/plane_fitter.dir/build.make:63: CMakeFiles/plane_fitter.dir/src/plane_fitter.cpp.o] Error 1
[32.507s] make[1]: *** [CMakeFiles/Makefile2:78: CMakeFiles/plane_fitter.dir/all] Error 2
[32.507s] make: *** [Makefile:141: all] Error 2
[32.517s] Invoked command in '/home/nvidia/master_ws/build/plane_fitter' returned '2': CMAKE_PREFIX_PATH=/opt/ros/foxy /usr/bin/cmake --build /home/nvidia/master_ws/build/plane_fitter -- -j4 -l4
