[01m[K/home/nvidia/master_ws/src/plane_fitter/src/plane_fitter.cpp:[m[K In member function â€˜[01m[Kvoid pointCloudPlaneFitter::splitPointCloud(sensor_msgs::msg::PointCloud2_<std::allocator<void> >::SharedPtr)[m[Kâ€™:
[01m[K/home/nvidia/master_ws/src/plane_fitter/src/plane_fitter.cpp:159:13:[m[K [01;31m[Kerror: [m[Kâ€˜[01m[Kfeature_mid[m[Kâ€™ was not declared in this scope
  159 |             [01;31m[Kfeature_mid[m[K = pointCloudCb(cloud_mid);
      |             [01;31m[K^~~~~~~~~~~[m[K
[01m[K/home/nvidia/master_ws/src/plane_fitter/src/plane_fitter.cpp:160:13:[m[K [01;31m[Kerror: [m[Kâ€˜[01m[Kfeature_left[m[Kâ€™ was not declared in this scope
  160 |             [01;31m[Kfeature_left[m[K = pointCloudCb(cloud_left);
      |             [01;31m[K^~~~~~~~~~~~[m[K
[01m[K/home/nvidia/master_ws/src/plane_fitter/src/plane_fitter.cpp:161:13:[m[K [01;31m[Kerror: [m[Kâ€˜[01m[Kfeature_right[m[Kâ€™ was not declared in this scope
  161 |             [01;31m[Kfeature_right[m[K = pointCloudCb(cloud_right);
      |             [01;31m[K^~~~~~~~~~~~~[m[K
[01m[K/home/nvidia/master_ws/src/plane_fitter/src/plane_fitter.cpp:164:73:[m[K [01;31m[Kerror: [m[Kâ€˜[01m[Kmid[m[Kâ€™ was not declared in this scope
  164 |             combined_features.data.insert(combined_features.data.end(), [01;31m[Kmid[m[K.data.begin(), mid.data.end());
      |                                                                         [01;31m[K^~~[m[K
[01m[K/home/nvidia/master_ws/src/plane_fitter/src/plane_fitter.cpp:165:73:[m[K [01;31m[Kerror: [m[Kâ€˜[01m[Kleft[m[Kâ€™ was not declared in this scope; did you mean â€˜[01m[Kstd::left[m[Kâ€™?
  165 |             combined_features.data.insert(combined_features.data.end(), [01;31m[Kleft[m[K.data.begin(), left.data.end());
      |                                                                         [01;31m[K^~~~[m[K
      |                                                                         [32m[Kstd::left[m[K
In file included from [01m[K/usr/include/c++/9/ios:42[m[K,
                 from [01m[K/usr/include/c++/9/istream:38[m[K,
                 from [01m[K/usr/include/c++/9/fstream:38[m[K,
                 from [01m[K/home/nvidia/master_ws/src/plane_fitter/src/plane_fitter.cpp:1[m[K:
[01m[K/usr/include/c++/9/bits/ios_base.h:1011:3:[m[K [01;36m[Knote: [m[Kâ€˜[01m[Kstd::left[m[Kâ€™ declared here
 1011 |   [01;36m[Kleft[m[K(ios_base& __base)
      |   [01;36m[K^~~~[m[K
[01m[K/home/nvidia/master_ws/src/plane_fitter/src/plane_fitter.cpp:166:73:[m[K [01;31m[Kerror: [m[Kâ€˜[01m[Kright[m[Kâ€™ was not declared in this scope; did you mean â€˜[01m[Kstd::right[m[Kâ€™?
  166 |             combined_features.data.insert(combined_features.data.end(), [01;31m[Kright[m[K.data.begin(), right.data.end());
      |                                                                         [01;31m[K^~~~~[m[K
      |                                                                         [32m[Kstd::right[m[K
In file included from [01m[K/usr/include/c++/9/ios:42[m[K,
                 from [01m[K/usr/include/c++/9/istream:38[m[K,
                 from [01m[K/usr/include/c++/9/fstream:38[m[K,
                 from [01m[K/home/nvidia/master_ws/src/plane_fitter/src/plane_fitter.cpp:1[m[K:
[01m[K/usr/include/c++/9/bits/ios_base.h:1019:3:[m[K [01;36m[Knote: [m[Kâ€˜[01m[Kstd::right[m[Kâ€™ declared here
 1019 |   [01;36m[Kright[m[K(ios_base& __base)
      |   [01;36m[K^~~~~[m[K
[01m[K/home/nvidia/master_ws/src/plane_fitter/src/plane_fitter.cpp:168:69:[m[K [01;31m[Kerror: [m[Kexpected â€˜[01m[K;[m[Kâ€™ before â€˜[01m[K}[m[Kâ€™ token
  168 |             publisher_combined_features_->publish(combined_features)
      |                                                                     [01;31m[K^[m[K
      |                                                                     [32m[K;[m[K
  169 |         [32m[K}[m[K
      |         [32m[K~[m[K                                                            
make[2]: *** [CMakeFiles/plane_fitter.dir/build.make:63: CMakeFiles/plane_fitter.dir/src/plane_fitter.cpp.o] Error 1
make[1]: *** [CMakeFiles/Makefile2:78: CMakeFiles/plane_fitter.dir/all] Error 2
make: *** [Makefile:141: all] Error 2
