[35m[1mScanning dependencies of target lidar[0m
[ 50%] [32mBuilding CXX object CMakeFiles/lidar.dir/src/lidar.cpp.o[0m
[01m[K/home/nvidia/master_ws/src/lidar/src/lidar.cpp:80:3:[m[K [01;31m[Kerror: [m[Kexpected unqualified-id before â€˜[01m[Kfor[m[Kâ€™
   80 |   [01;31m[Kfor[m[K (size_t i = 0; i < points.size(); ++i) {
      |   [01;31m[K^~~[m[K
[01m[K/home/nvidia/master_ws/src/lidar/src/lidar.cpp:80:22:[m[K [01;31m[Kerror: [m[Kâ€˜[01m[Ki[m[Kâ€™ does not name a type
   80 |   for (size_t i = 0; [01;31m[Ki[m[K < points.size(); ++i) {
      |                      [01;31m[K^[m[K
[01m[K/home/nvidia/master_ws/src/lidar/src/lidar.cpp:80:41:[m[K [01;31m[Kerror: [m[Kexpected unqualified-id before â€˜[01m[K++[m[Kâ€™ token
   80 |   for (size_t i = 0; i < points.size(); [01;31m[K++[m[Ki) {
      |                                         [01;31m[K^~[m[K
make[2]: *** [CMakeFiles/lidar.dir/build.make:63: CMakeFiles/lidar.dir/src/lidar.cpp.o] Error 1
make[1]: *** [CMakeFiles/Makefile2:78: CMakeFiles/lidar.dir/all] Error 2
make: *** [Makefile:141: all] Error 2
