[1.549s] Invoking command in '/home/nvidia/master_ws/build/realsense_control': CMAKE_PREFIX_PATH=${CMAKE_PREFIX_PATH}:/home/nvidia/master_ws/install/xbox:/home/nvidia/master_ws/install/lidar_control:/home/nvidia/master_ws/install/launch_car:/home/nvidia/master_ws/install/broadcaster:/opt/ros/foxy /usr/bin/cmake --build /home/nvidia/master_ws/build/realsense_control -- -j6 -l6
[1.982s] [35m[1mScanning dependencies of target realsense_control[0m
[2.210s] [ 50%] [32mBuilding CXX object CMakeFiles/realsense_control.dir/src/realsense_control.cpp.o[0m
[10.535s] [01m[K/home/nvidia/master_ws/src/realsense_control/src/realsense_control.cpp:[m[K In member function â€˜[01m[Kvoid PointCloud2Listener::topic_callback(sensor_msgs::msg::PointCloud2_<std::allocator<void> >::SharedPtr) const[m[Kâ€™:
[10.536s] [01m[K/home/nvidia/master_ws/src/realsense_control/src/realsense_control.cpp:23:18:[m[K [01;31m[Kerror: [m[Kâ€˜[01m[KPointCloud2ConstIterator[m[Kâ€™ is not a member of â€˜[01m[Ksensor_msgs[m[Kâ€™
[10.537s]    23 |     sensor_msgs::[01;31m[KPointCloud2ConstIterator[m[K<float> iter_x(*msg, "x");
[10.537s]       |                  [01;31m[K^~~~~~~~~~~~~~~~~~~~~~~~[m[K
[10.538s] [01m[K/home/nvidia/master_ws/src/realsense_control/src/realsense_control.cpp:23:43:[m[K [01;31m[Kerror: [m[Kexpected primary-expression before â€˜[01m[Kfloat[m[Kâ€™
[10.539s]    23 |     sensor_msgs::PointCloud2ConstIterator<[01;31m[Kfloat[m[K> iter_x(*msg, "x");
[10.539s]       |                                           [01;31m[K^~~~~[m[K
[10.540s] [01m[K/home/nvidia/master_ws/src/realsense_control/src/realsense_control.cpp:24:18:[m[K [01;31m[Kerror: [m[Kâ€˜[01m[KPointCloud2ConstIterator[m[Kâ€™ is not a member of â€˜[01m[Ksensor_msgs[m[Kâ€™
[10.540s]    24 |     sensor_msgs::[01;31m[KPointCloud2ConstIterator[m[K<float> iter_y(*msg, "y");
[10.540s]       |                  [01;31m[K^~~~~~~~~~~~~~~~~~~~~~~~[m[K
[10.541s] [01m[K/home/nvidia/master_ws/src/realsense_control/src/realsense_control.cpp:24:43:[m[K [01;31m[Kerror: [m[Kexpected primary-expression before â€˜[01m[Kfloat[m[Kâ€™
[10.541s]    24 |     sensor_msgs::PointCloud2ConstIterator<[01;31m[Kfloat[m[K> iter_y(*msg, "y");
[10.542s]       |                                           [01;31m[K^~~~~[m[K
[10.542s] [01m[K/home/nvidia/master_ws/src/realsense_control/src/realsense_control.cpp:25:18:[m[K [01;31m[Kerror: [m[Kâ€˜[01m[KPointCloud2ConstIterator[m[Kâ€™ is not a member of â€˜[01m[Ksensor_msgs[m[Kâ€™
[10.543s]    25 |     sensor_msgs::[01;31m[KPointCloud2ConstIterator[m[K<float> iter_z(*msg, "z");
[10.543s]       |                  [01;31m[K^~~~~~~~~~~~~~~~~~~~~~~~[m[K
[10.544s] [01m[K/home/nvidia/master_ws/src/realsense_control/src/realsense_control.cpp:25:43:[m[K [01;31m[Kerror: [m[Kexpected primary-expression before â€˜[01m[Kfloat[m[Kâ€™
[10.544s]    25 |     sensor_msgs::PointCloud2ConstIterator<[01;31m[Kfloat[m[K> iter_z(*msg, "z");
[10.545s]       |                                           [01;31m[K^~~~~[m[K
[10.548s] [01m[K/home/nvidia/master_ws/src/realsense_control/src/realsense_control.cpp:27:12:[m[K [01;31m[Kerror: [m[Kâ€˜[01m[Kiter_x[m[Kâ€™ was not declared in this scope
[10.549s]    27 |     for (; [01;31m[Kiter_x[m[K != iter_x.end(); ++iter_x, ++iter_y, ++iter_z) {
[10.549s]       |            [01;31m[K^~~~~~[m[K
[10.557s] [01m[K/home/nvidia/master_ws/src/realsense_control/src/realsense_control.cpp:27:48:[m[K [01;31m[Kerror: [m[Kâ€˜[01m[Kiter_y[m[Kâ€™ was not declared in this scope
[10.558s]    27 |     for (; iter_x != iter_x.end(); ++iter_x, ++[01;31m[Kiter_y[m[K, ++iter_z) {
[10.558s]       |                                                [01;31m[K^~~~~~[m[K
[10.565s] [01m[K/home/nvidia/master_ws/src/realsense_control/src/realsense_control.cpp:27:58:[m[K [01;31m[Kerror: [m[Kâ€˜[01m[Kiter_z[m[Kâ€™ was not declared in this scope
[10.566s]    27 |     for (; iter_x != iter_x.end(); ++iter_x, ++iter_y, ++[01;31m[Kiter_z[m[K) {
[10.567s]       |                                                          [01;31m[K^~~~~~[m[K
[10.570s] [01m[K/home/nvidia/master_ws/src/realsense_control/src/realsense_control.cpp:15:70:[m[K [01;35m[Kwarning: [m[Kunused parameter â€˜[01m[Kmsg[m[Kâ€™ [[01;35m[K-Wunused-parameter[m[K]
[10.570s]    15 |   void topic_callback([01;35m[Kconst sensor_msgs::msg::PointCloud2::SharedPtr msg[m[K) const {
[10.571s]       |                       [01;35m[K~~~~~~~~~~~~~~~~~~~~~~~~~~~~~~~~~~~~~~~~~~~~~~~^~~[m[K
[18.320s] make[2]: *** [CMakeFiles/realsense_control.dir/build.make:63: CMakeFiles/realsense_control.dir/src/realsense_control.cpp.o] Error 1
[18.322s] make[1]: *** [CMakeFiles/Makefile2:78: CMakeFiles/realsense_control.dir/all] Error 2
[18.322s] make: *** [Makefile:141: all] Error 2
[18.335s] Invoked command in '/home/nvidia/master_ws/build/realsense_control' returned '2': CMAKE_PREFIX_PATH=${CMAKE_PREFIX_PATH}:/home/nvidia/master_ws/install/xbox:/home/nvidia/master_ws/install/lidar_control:/home/nvidia/master_ws/install/launch_car:/home/nvidia/master_ws/install/broadcaster:/opt/ros/foxy /usr/bin/cmake --build /home/nvidia/master_ws/build/realsense_control -- -j6 -l6
