[0.081s] Invoking command in '/home/nvidia/master_ws/build/plane_fitter': CMAKE_PREFIX_PATH=${CMAKE_PREFIX_PATH}:/home/nvidia/master_ws/install/xbox:/home/nvidia/master_ws/install/lidar_control:/home/nvidia/master_ws/install/launch_car:/home/nvidia/master_ws/install/broadcaster:/opt/ros/foxy /usr/bin/cmake --build /home/nvidia/master_ws/build/plane_fitter -- -j4 -l4
[0.385s] [35m[1mScanning dependencies of target plane_fitter[0m
[0.780s] [ 50%] [32mBuilding CXX object CMakeFiles/plane_fitter.dir/src/plane_fitter.cpp.o[0m
[24.010s] [01m[K/home/nvidia/master_ws/src/plane_fitter/src/plane_fitter.cpp:[m[K In member function â€˜[01m[Kstd_msgs::msg::Float64MultiArray pointCloudPlaneFitter::pointCloudCb(const Ptr&)[m[Kâ€™:
[24.011s] [01m[K/home/nvidia/master_ws/src/plane_fitter/src/plane_fitter.cpp:166:17:[m[K [01;31m[Kerror: [m[Kâ€˜[01m[Kresult[m[Kâ€™ was not declared in this scope
[24.012s]   166 |                 [01;31m[Kresult[m[K.data = {-1}; // Example error flag
[24.012s]       |                 [01;31m[K^~~~~~[m[K
[33.876s] make[2]: *** [CMakeFiles/plane_fitter.dir/build.make:63: CMakeFiles/plane_fitter.dir/src/plane_fitter.cpp.o] Error 1
[33.878s] make[1]: *** [CMakeFiles/Makefile2:78: CMakeFiles/plane_fitter.dir/all] Error 2
[33.880s] make: *** [Makefile:141: all] Error 2
[33.890s] Invoked command in '/home/nvidia/master_ws/build/plane_fitter' returned '2': CMAKE_PREFIX_PATH=${CMAKE_PREFIX_PATH}:/home/nvidia/master_ws/install/xbox:/home/nvidia/master_ws/install/lidar_control:/home/nvidia/master_ws/install/launch_car:/home/nvidia/master_ws/install/broadcaster:/opt/ros/foxy /usr/bin/cmake --build /home/nvidia/master_ws/build/plane_fitter -- -j4 -l4
